<?xml version='1.0' encoding='UTF-8' ?>
<testsuites tests="1" failures="0" errors="0" skipped="0" time="0.000" timestamp="2026-09-12T17:16:44" hostname="localhost">
  <testsuite name="dev.quietinbox.feature.onboarding.SourcesStepSemanticsTest" tests="1" failures="0" errors="0" skipped="0" time="4.145" timestamp="2026-09-12T17:16:44" hostname="localhost">
    <properties>
      <property name="device" value="emulator-5554" />
    </properties>
    <testcase name="sourcesStepRendersHonestTierPerChoice" classname="dev.quietinbox.feature.onboarding.SourcesStepSemanticsTest" time="4.145" />
  </testsuite>
</testsuites>
